2016-03-24 11:23:27:338 - info: Welcome to Appium v1.4.13 (REV c75d8adcb66a75818a542fe1891a34260c21f76a)
2016-03-24 11:23:27:341 - info: Appium REST http interface listener started on 0.0.0.0:4723
2016-03-24 11:23:27:344 - info: [debug] Non-default server args: {"log":"/tmp/appium.log","logNoColors":true,"platformName":"Android","platformVersion":"4.4","automationName":"Appium","debugLogSpacing":true}
2016-03-24 11:23:27:344 - info: Console LogLevel: debug
2016-03-24 11:23:27:344 - info: File LogLevel: debug
2016-03-24 11:23:27:511 - info: --> GET /wd/hub/status {}
2016-03-24 11:23:27:513 - info: [debug] Responding to client with success: {"status":0,"value":{"build":{"version":"1.4.13","revision":"c75d8adcb66a75818a542fe1891a34260c21f76a"}}}
2016-03-24 11:23:27:520 - info: <-- GET /wd/hub/status 200 9.129 ms - 105 {"status":0,"value":{"build":{"version":"1.4.13","revision":"c75d8adcb66a75818a542fe1891a34260c21f76a"}}}
2016-03-24 11:23:28:111 - info: --> GET /wd/hub/status {}
2016-03-24 11:23:28:111 - info: [debug] Responding to client with success: {"status":0,"value":{"build":{"version":"1.4.13","revision":"c75d8adcb66a75818a542fe1891a34260c21f76a"}}}
2016-03-24 11:23:28:113 - info: <-- GET /wd/hub/status 200 2.879 ms - 105 {"status":0,"value":{"build":{"version":"1.4.13","revision":"c75d8adcb66a75818a542fe1891a34260c21f76a"}}}
2016-03-24 11:23:38:524 - info: --> GET /wd/hub/status {}
2016-03-24 11:23:38:524 - info: [debug] Responding to client with success: {"status":0,"value":{"build":{"version":"1.4.13","revision":"c75d8adcb66a75818a542fe1891a34260c21f76a"}}}
2016-03-24 11:23:38:525 - info: <-- GET /wd/hub/status 200 1.247 ms - 105 {"status":0,"value":{"build":{"version":"1.4.13","revision":"c75d8adcb66a75818a542fe1891a34260c21f76a"}}}
2016-03-24 11:23:48:161 - info: --> GET /wd/hub/status {}
2016-03-24 11:23:48:162 - info: [debug] Responding to client with success: {"status":0,"value":{"build":{"version":"1.4.13","revision":"c75d8adcb66a75818a542fe1891a34260c21f76a"}}}
2016-03-24 11:23:48:163 - info: <-- GET /wd/hub/status 200 1.853 ms - 105 {"status":0,"value":{"build":{"version":"1.4.13","revision":"c75d8adcb66a75818a542fe1891a34260c21f76a"}}}
2016-03-24 11:23:50:271 - info: --> GET /wd/hub/status {}
2016-03-24 11:23:50:271 - info: [debug] Responding to client with success: {"status":0,"value":{"build":{"version":"1.4.13","revision":"c75d8adcb66a75818a542fe1891a34260c21f76a"}}}
2016-03-24 11:23:50:272 - info: <-- GET /wd/hub/status 200 1.701 ms - 105 {"status":0,"value":{"build":{"version":"1.4.13","revision":"c75d8adcb66a75818a542fe1891a34260c21f76a"}}}
2016-03-24 11:24:29:123 - info: --> GET /wd/hub/status {}
2016-03-24 11:24:29:123 - info: [debug] Responding to client with success: {"status":0,"value":{"build":{"version":"1.4.13","revision":"c75d8adcb66a75818a542fe1891a34260c21f76a"}}}
2016-03-24 11:24:29:124 - info: <-- GET /wd/hub/status 200 1.124 ms - 105 {"status":0,"value":{"build":{"version":"1.4.13","revision":"c75d8adcb66a75818a542fe1891a34260c21f76a"}}}
2016-03-24 11:24:39:602 - info: --> GET /wd/hub/status {}
2016-03-24 11:24:39:602 - info: [debug] Responding to client with success: {"status":0,"value":{"build":{"version":"1.4.13","revision":"c75d8adcb66a75818a542fe1891a34260c21f76a"}}}
2016-03-24 11:24:39:603 - info: <-- GET /wd/hub/status 200 0.893 ms - 105 {"status":0,"value":{"build":{"version":"1.4.13","revision":"c75d8adcb66a75818a542fe1891a34260c21f76a"}}}
2016-03-24 11:24:49:169 - info: --> GET /wd/hub/status {}
2016-03-24 11:24:49:169 - info: [debug] Responding to client with success: {"status":0,"value":{"build":{"version":"1.4.13","revision":"c75d8adcb66a75818a542fe1891a34260c21f76a"}}}
2016-03-24 11:24:49:170 - info: <-- GET /wd/hub/status 200 1.349 ms - 105 {"status":0,"value":{"build":{"version":"1.4.13","revision":"c75d8adcb66a75818a542fe1891a34260c21f76a"}}}
2016-03-24 11:24:51:351 - info: --> GET /wd/hub/status {}
2016-03-24 11:24:51:351 - info: [debug] Responding to client with success: {"status":0,"value":{"build":{"version":"1.4.13","revision":"c75d8adcb66a75818a542fe1891a34260c21f76a"}}}
2016-03-24 11:24:51:352 - info: <-- GET /wd/hub/status 200 0.881 ms - 105 {"status":0,"value":{"build":{"version":"1.4.13","revision":"c75d8adcb66a75818a542fe1891a34260c21f76a"}}}
2016-03-24 11:25:30:420 - info: --> GET /wd/hub/status {}
2016-03-24 11:25:30:421 - info: [debug] Responding to client with success: {"status":0,"value":{"build":{"version":"1.4.13","revision":"c75d8adcb66a75818a542fe1891a34260c21f76a"}}}
2016-03-24 11:25:30:423 - info: <-- GET /wd/hub/status 200 2.432 ms - 105 {"status":0,"value":{"build":{"version":"1.4.13","revision":"c75d8adcb66a75818a542fe1891a34260c21f76a"}}}
2016-03-24 11:25:40:924 - info: --> GET /wd/hub/status {}
2016-03-24 11:25:40:925 - info: [debug] Responding to client with success: {"status":0,"value":{"build":{"version":"1.4.13","revision":"c75d8adcb66a75818a542fe1891a34260c21f76a"}}}
2016-03-24 11:25:40:925 - info: <-- GET /wd/hub/status 200 1.208 ms - 105 {"status":0,"value":{"build":{"version":"1.4.13","revision":"c75d8adcb66a75818a542fe1891a34260c21f76a"}}}
2016-03-24 11:25:50:176 - info: --> GET /wd/hub/status {}
2016-03-24 11:25:50:176 - info: [debug] Responding to client with success: {"status":0,"value":{"build":{"version":"1.4.13","revision":"c75d8adcb66a75818a542fe1891a34260c21f76a"}}}
2016-03-24 11:25:50:177 - info: <-- GET /wd/hub/status 200 1.863 ms - 105 {"status":0,"value":{"build":{"version":"1.4.13","revision":"c75d8adcb66a75818a542fe1891a34260c21f76a"}}}
2016-03-24 11:25:52:357 - info: --> GET /wd/hub/status {}
2016-03-24 11:25:52:358 - info: [debug] Responding to client with success: {"status":0,"value":{"build":{"version":"1.4.13","revision":"c75d8adcb66a75818a542fe1891a34260c21f76a"}}}
2016-03-24 11:25:52:358 - info: <-- GET /wd/hub/status 200 1.013 ms - 105 {"status":0,"value":{"build":{"version":"1.4.13","revision":"c75d8adcb66a75818a542fe1891a34260c21f76a"}}}
